/home/olivia-neights/Simulated-Virtual-GPS/install/virtual_gps/lib/python3.12/site-packages/virtual_gps/error_measure.py
/home/olivia-neights/Simulated-Virtual-GPS/install/virtual_gps/lib/python3.12/site-packages/virtual_gps/mouse_control.py
/home/olivia-neights/Simulated-Virtual-GPS/install/virtual_gps/lib/python3.12/site-packages/virtual_gps/drone_control.py
/home/olivia-neights/Simulated-Virtual-GPS/install/virtual_gps/lib/python3.12/site-packages/virtual_gps/tf_pose_broadcaster.py
/home/olivia-neights/Simulated-Virtual-GPS/install/virtual_gps/lib/python3.12/site-packages/virtual_gps/virtual_gps.py
/home/olivia-neights/Simulated-Virtual-GPS/install/virtual_gps/lib/python3.12/site-packages/virtual_gps/__init__.py
/home/olivia-neights/Simulated-Virtual-GPS/install/virtual_gps/lib/python3.12/site-packages/virtual_gps/sensor.py
/home/olivia-neights/Simulated-Virtual-GPS/install/virtual_gps/lib/python3.12/site-packages/virtual_gps/__pycache__/error_measure.cpython-312.pyc
/home/olivia-neights/Simulated-Virtual-GPS/install/virtual_gps/lib/python3.12/site-packages/virtual_gps/__pycache__/mouse_control.cpython-312.pyc
/home/olivia-neights/Simulated-Virtual-GPS/install/virtual_gps/lib/python3.12/site-packages/virtual_gps/__pycache__/drone_control.cpython-312.pyc
/home/olivia-neights/Simulated-Virtual-GPS/install/virtual_gps/lib/python3.12/site-packages/virtual_gps/__pycache__/tf_pose_broadcaster.cpython-312.pyc
/home/olivia-neights/Simulated-Virtual-GPS/install/virtual_gps/lib/python3.12/site-packages/virtual_gps/__pycache__/virtual_gps.cpython-312.pyc
/home/olivia-neights/Simulated-Virtual-GPS/install/virtual_gps/lib/python3.12/site-packages/virtual_gps/__pycache__/__init__.cpython-312.pyc
/home/olivia-neights/Simulated-Virtual-GPS/install/virtual_gps/lib/python3.12/site-packages/virtual_gps/__pycache__/sensor.cpython-312.pyc
/home/olivia-neights/Simulated-Virtual-GPS/install/virtual_gps/share/ament_index/resource_index/packages/virtual_gps
/home/olivia-neights/Simulated-Virtual-GPS/install/virtual_gps/share/virtual_gps/package.xml
/home/olivia-neights/Simulated-Virtual-GPS/install/virtual_gps/share/virtual_gps/virtual_gps.launch.py
/home/olivia-neights/Simulated-Virtual-GPS/install/virtual_gps/share/virtual_gps/raspimouse_default.launch.py
/home/olivia-neights/Simulated-Virtual-GPS/install/virtual_gps/share/virtual_gps/raspimouse_default_headless.launch.py
/home/olivia-neights/Simulated-Virtual-GPS/install/virtual_gps/lib/python3.12/site-packages/virtual_gps-0.0.0-py3.12.egg-info/PKG-INFO
/home/olivia-neights/Simulated-Virtual-GPS/install/virtual_gps/lib/python3.12/site-packages/virtual_gps-0.0.0-py3.12.egg-info/zip-safe
/home/olivia-neights/Simulated-Virtual-GPS/install/virtual_gps/lib/python3.12/site-packages/virtual_gps-0.0.0-py3.12.egg-info/SOURCES.txt
/home/olivia-neights/Simulated-Virtual-GPS/install/virtual_gps/lib/python3.12/site-packages/virtual_gps-0.0.0-py3.12.egg-info/requires.txt
/home/olivia-neights/Simulated-Virtual-GPS/install/virtual_gps/lib/python3.12/site-packages/virtual_gps-0.0.0-py3.12.egg-info/top_level.txt
/home/olivia-neights/Simulated-Virtual-GPS/install/virtual_gps/lib/python3.12/site-packages/virtual_gps-0.0.0-py3.12.egg-info/dependency_links.txt
/home/olivia-neights/Simulated-Virtual-GPS/install/virtual_gps/lib/python3.12/site-packages/virtual_gps-0.0.0-py3.12.egg-info/entry_points.txt
/home/olivia-neights/Simulated-Virtual-GPS/install/virtual_gps/lib/virtual_gps/drone_control
/home/olivia-neights/Simulated-Virtual-GPS/install/virtual_gps/lib/virtual_gps/mouse_control
/home/olivia-neights/Simulated-Virtual-GPS/install/virtual_gps/lib/virtual_gps/sensor
/home/olivia-neights/Simulated-Virtual-GPS/install/virtual_gps/lib/virtual_gps/tf_pose_broadcaster
/home/olivia-neights/Simulated-Virtual-GPS/install/virtual_gps/lib/virtual_gps/virtual_gps
