running egg_info
creating ../../../build/virtual_gps/virtual_gps.egg-info
writing ../../../build/virtual_gps/virtual_gps.egg-info/PKG-INFO
writing dependency_links to ../../../build/virtual_gps/virtual_gps.egg-info/dependency_links.txt
writing entry points to ../../../build/virtual_gps/virtual_gps.egg-info/entry_points.txt
writing requirements to ../../../build/virtual_gps/virtual_gps.egg-info/requires.txt
writing top-level names to ../../../build/virtual_gps/virtual_gps.egg-info/top_level.txt
writing manifest file '../../../build/virtual_gps/virtual_gps.egg-info/SOURCES.txt'
reading manifest file '../../../build/virtual_gps/virtual_gps.egg-info/SOURCES.txt'
adding license file 'LICENSE'
writing manifest file '../../../build/virtual_gps/virtual_gps.egg-info/SOURCES.txt'
running build
running build_py
creating /home/olivia-neights/Simulated-Virtual-GPS/build/virtual_gps/build
creating /home/olivia-neights/Simulated-Virtual-GPS/build/virtual_gps/build/lib
creating /home/olivia-neights/Simulated-Virtual-GPS/build/virtual_gps/build/lib/virtual_gps
copying virtual_gps/error_measure.py -> /home/olivia-neights/Simulated-Virtual-GPS/build/virtual_gps/build/lib/virtual_gps
copying virtual_gps/mouse_control.py -> /home/olivia-neights/Simulated-Virtual-GPS/build/virtual_gps/build/lib/virtual_gps
copying virtual_gps/drone_control.py -> /home/olivia-neights/Simulated-Virtual-GPS/build/virtual_gps/build/lib/virtual_gps
copying virtual_gps/tf_pose_broadcaster.py -> /home/olivia-neights/Simulated-Virtual-GPS/build/virtual_gps/build/lib/virtual_gps
copying virtual_gps/virtual_gps.py -> /home/olivia-neights/Simulated-Virtual-GPS/build/virtual_gps/build/lib/virtual_gps
copying virtual_gps/__init__.py -> /home/olivia-neights/Simulated-Virtual-GPS/build/virtual_gps/build/lib/virtual_gps
copying virtual_gps/sensor.py -> /home/olivia-neights/Simulated-Virtual-GPS/build/virtual_gps/build/lib/virtual_gps
running install
running install_lib
creating /home/olivia-neights/Simulated-Virtual-GPS/install/virtual_gps/lib/python3.12/site-packages/virtual_gps
copying /home/olivia-neights/Simulated-Virtual-GPS/build/virtual_gps/build/lib/virtual_gps/error_measure.py -> /home/olivia-neights/Simulated-Virtual-GPS/install/virtual_gps/lib/python3.12/site-packages/virtual_gps
copying /home/olivia-neights/Simulated-Virtual-GPS/build/virtual_gps/build/lib/virtual_gps/mouse_control.py -> /home/olivia-neights/Simulated-Virtual-GPS/install/virtual_gps/lib/python3.12/site-packages/virtual_gps
copying /home/olivia-neights/Simulated-Virtual-GPS/build/virtual_gps/build/lib/virtual_gps/drone_control.py -> /home/olivia-neights/Simulated-Virtual-GPS/install/virtual_gps/lib/python3.12/site-packages/virtual_gps
copying /home/olivia-neights/Simulated-Virtual-GPS/build/virtual_gps/build/lib/virtual_gps/tf_pose_broadcaster.py -> /home/olivia-neights/Simulated-Virtual-GPS/install/virtual_gps/lib/python3.12/site-packages/virtual_gps
copying /home/olivia-neights/Simulated-Virtual-GPS/build/virtual_gps/build/lib/virtual_gps/virtual_gps.py -> /home/olivia-neights/Simulated-Virtual-GPS/install/virtual_gps/lib/python3.12/site-packages/virtual_gps
copying /home/olivia-neights/Simulated-Virtual-GPS/build/virtual_gps/build/lib/virtual_gps/__init__.py -> /home/olivia-neights/Simulated-Virtual-GPS/install/virtual_gps/lib/python3.12/site-packages/virtual_gps
copying /home/olivia-neights/Simulated-Virtual-GPS/build/virtual_gps/build/lib/virtual_gps/sensor.py -> /home/olivia-neights/Simulated-Virtual-GPS/install/virtual_gps/lib/python3.12/site-packages/virtual_gps
byte-compiling /home/olivia-neights/Simulated-Virtual-GPS/install/virtual_gps/lib/python3.12/site-packages/virtual_gps/error_measure.py to error_measure.cpython-312.pyc
byte-compiling /home/olivia-neights/Simulated-Virtual-GPS/install/virtual_gps/lib/python3.12/site-packages/virtual_gps/mouse_control.py to mouse_control.cpython-312.pyc
byte-compiling /home/olivia-neights/Simulated-Virtual-GPS/install/virtual_gps/lib/python3.12/site-packages/virtual_gps/drone_control.py to drone_control.cpython-312.pyc
byte-compiling /home/olivia-neights/Simulated-Virtual-GPS/install/virtual_gps/lib/python3.12/site-packages/virtual_gps/tf_pose_broadcaster.py to tf_pose_broadcaster.cpython-312.pyc
byte-compiling /home/olivia-neights/Simulated-Virtual-GPS/install/virtual_gps/lib/python3.12/site-packages/virtual_gps/virtual_gps.py to virtual_gps.cpython-312.pyc
byte-compiling /home/olivia-neights/Simulated-Virtual-GPS/install/virtual_gps/lib/python3.12/site-packages/virtual_gps/__init__.py to __init__.cpython-312.pyc
byte-compiling /home/olivia-neights/Simulated-Virtual-GPS/install/virtual_gps/lib/python3.12/site-packages/virtual_gps/sensor.py to sensor.cpython-312.pyc
running install_data
creating /home/olivia-neights/Simulated-Virtual-GPS/install/virtual_gps/share/ament_index
creating /home/olivia-neights/Simulated-Virtual-GPS/install/virtual_gps/share/ament_index/resource_index
creating /home/olivia-neights/Simulated-Virtual-GPS/install/virtual_gps/share/ament_index/resource_index/packages
copying resource/virtual_gps -> /home/olivia-neights/Simulated-Virtual-GPS/install/virtual_gps/share/ament_index/resource_index/packages
copying package.xml -> /home/olivia-neights/Simulated-Virtual-GPS/install/virtual_gps/share/virtual_gps
copying launch/virtual_gps.launch.py -> /home/olivia-neights/Simulated-Virtual-GPS/install/virtual_gps/share/virtual_gps
copying launch/raspimouse_default.launch.py -> /home/olivia-neights/Simulated-Virtual-GPS/install/virtual_gps/share/virtual_gps
copying launch/raspimouse_default_headless.launch.py -> /home/olivia-neights/Simulated-Virtual-GPS/install/virtual_gps/share/virtual_gps
running install_egg_info
Copying ../../../build/virtual_gps/virtual_gps.egg-info to /home/olivia-neights/Simulated-Virtual-GPS/install/virtual_gps/lib/python3.12/site-packages/virtual_gps-0.0.0-py3.12.egg-info
running install_scripts
Installing drone_control script to /home/olivia-neights/Simulated-Virtual-GPS/install/virtual_gps/lib/virtual_gps
Installing mouse_control script to /home/olivia-neights/Simulated-Virtual-GPS/install/virtual_gps/lib/virtual_gps
Installing sensor script to /home/olivia-neights/Simulated-Virtual-GPS/install/virtual_gps/lib/virtual_gps
Installing tf_pose_broadcaster script to /home/olivia-neights/Simulated-Virtual-GPS/install/virtual_gps/lib/virtual_gps
Installing virtual_gps script to /home/olivia-neights/Simulated-Virtual-GPS/install/virtual_gps/lib/virtual_gps
writing list of installed files to '/home/olivia-neights/Simulated-Virtual-GPS/build/virtual_gps/install.log'
