[8.104s] Invoking command in '/home/olivia-neights/Simulated-Virtual-GPS/cs1980_ws/src/virtual_gps': DEBUGINFOD_URLS=https://debuginfod.ubuntu.com PYTHONPATH=/home/olivia-neights/Simulated-Virtual-GPS/build/virtual_gps/prefix_override:/usr/lib/python3/dist-packages/colcon_core/task/python/colcon_distutils_commands:/home/olivia-neights/Simulated-Virtual-GPS/install/virtual_gps/lib/python3.12/site-packages:${PYTHONPATH} /usr/bin/python3 -W ignore:setup.py install is deprecated -W ignore:easy_install command is deprecated setup.py egg_info --egg-base ../../../build/virtual_gps build --build-base /home/olivia-neights/Simulated-Virtual-GPS/build/virtual_gps/build install --record /home/olivia-neights/Simulated-Virtual-GPS/build/virtual_gps/install.log --single-version-externally-managed install_data
[10.513s] running egg_info
[10.515s] creating ../../../build/virtual_gps/virtual_gps.egg-info
[10.717s] writing ../../../build/virtual_gps/virtual_gps.egg-info/PKG-INFO
[10.717s] writing dependency_links to ../../../build/virtual_gps/virtual_gps.egg-info/dependency_links.txt
[10.727s] writing entry points to ../../../build/virtual_gps/virtual_gps.egg-info/entry_points.txt
[10.728s] writing requirements to ../../../build/virtual_gps/virtual_gps.egg-info/requires.txt
[10.728s] writing top-level names to ../../../build/virtual_gps/virtual_gps.egg-info/top_level.txt
[10.734s] writing manifest file '../../../build/virtual_gps/virtual_gps.egg-info/SOURCES.txt'
[11.196s] reading manifest file '../../../build/virtual_gps/virtual_gps.egg-info/SOURCES.txt'
[11.197s] adding license file 'LICENSE'
[11.211s] writing manifest file '../../../build/virtual_gps/virtual_gps.egg-info/SOURCES.txt'
[11.214s] running build
[11.215s] running build_py
[11.220s] creating /home/olivia-neights/Simulated-Virtual-GPS/build/virtual_gps/build
[11.220s] creating /home/olivia-neights/Simulated-Virtual-GPS/build/virtual_gps/build/lib
[11.220s] creating /home/olivia-neights/Simulated-Virtual-GPS/build/virtual_gps/build/lib/virtual_gps
[11.222s] copying virtual_gps/error_measure.py -> /home/olivia-neights/Simulated-Virtual-GPS/build/virtual_gps/build/lib/virtual_gps
[11.224s] copying virtual_gps/mouse_control.py -> /home/olivia-neights/Simulated-Virtual-GPS/build/virtual_gps/build/lib/virtual_gps
[11.224s] copying virtual_gps/drone_control.py -> /home/olivia-neights/Simulated-Virtual-GPS/build/virtual_gps/build/lib/virtual_gps
[11.231s] copying virtual_gps/tf_pose_broadcaster.py -> /home/olivia-neights/Simulated-Virtual-GPS/build/virtual_gps/build/lib/virtual_gps
[11.231s] copying virtual_gps/virtual_gps.py -> /home/olivia-neights/Simulated-Virtual-GPS/build/virtual_gps/build/lib/virtual_gps
[11.231s] copying virtual_gps/__init__.py -> /home/olivia-neights/Simulated-Virtual-GPS/build/virtual_gps/build/lib/virtual_gps
[11.232s] copying virtual_gps/sensor.py -> /home/olivia-neights/Simulated-Virtual-GPS/build/virtual_gps/build/lib/virtual_gps
[11.243s] running install
[11.303s] running install_lib
[11.453s] creating /home/olivia-neights/Simulated-Virtual-GPS/install/virtual_gps/lib/python3.12/site-packages/virtual_gps
[11.454s] copying /home/olivia-neights/Simulated-Virtual-GPS/build/virtual_gps/build/lib/virtual_gps/error_measure.py -> /home/olivia-neights/Simulated-Virtual-GPS/install/virtual_gps/lib/python3.12/site-packages/virtual_gps
[11.454s] copying /home/olivia-neights/Simulated-Virtual-GPS/build/virtual_gps/build/lib/virtual_gps/mouse_control.py -> /home/olivia-neights/Simulated-Virtual-GPS/install/virtual_gps/lib/python3.12/site-packages/virtual_gps
[11.454s] copying /home/olivia-neights/Simulated-Virtual-GPS/build/virtual_gps/build/lib/virtual_gps/drone_control.py -> /home/olivia-neights/Simulated-Virtual-GPS/install/virtual_gps/lib/python3.12/site-packages/virtual_gps
[11.455s] copying /home/olivia-neights/Simulated-Virtual-GPS/build/virtual_gps/build/lib/virtual_gps/tf_pose_broadcaster.py -> /home/olivia-neights/Simulated-Virtual-GPS/install/virtual_gps/lib/python3.12/site-packages/virtual_gps
[11.461s] copying /home/olivia-neights/Simulated-Virtual-GPS/build/virtual_gps/build/lib/virtual_gps/virtual_gps.py -> /home/olivia-neights/Simulated-Virtual-GPS/install/virtual_gps/lib/python3.12/site-packages/virtual_gps
[11.461s] copying /home/olivia-neights/Simulated-Virtual-GPS/build/virtual_gps/build/lib/virtual_gps/__init__.py -> /home/olivia-neights/Simulated-Virtual-GPS/install/virtual_gps/lib/python3.12/site-packages/virtual_gps
[11.466s] copying /home/olivia-neights/Simulated-Virtual-GPS/build/virtual_gps/build/lib/virtual_gps/sensor.py -> /home/olivia-neights/Simulated-Virtual-GPS/install/virtual_gps/lib/python3.12/site-packages/virtual_gps
[11.470s] byte-compiling /home/olivia-neights/Simulated-Virtual-GPS/install/virtual_gps/lib/python3.12/site-packages/virtual_gps/error_measure.py to error_measure.cpython-312.pyc
[11.485s] byte-compiling /home/olivia-neights/Simulated-Virtual-GPS/install/virtual_gps/lib/python3.12/site-packages/virtual_gps/mouse_control.py to mouse_control.cpython-312.pyc
[11.488s] byte-compiling /home/olivia-neights/Simulated-Virtual-GPS/install/virtual_gps/lib/python3.12/site-packages/virtual_gps/drone_control.py to drone_control.cpython-312.pyc
[11.488s] byte-compiling /home/olivia-neights/Simulated-Virtual-GPS/install/virtual_gps/lib/python3.12/site-packages/virtual_gps/tf_pose_broadcaster.py to tf_pose_broadcaster.cpython-312.pyc
[11.488s] byte-compiling /home/olivia-neights/Simulated-Virtual-GPS/install/virtual_gps/lib/python3.12/site-packages/virtual_gps/virtual_gps.py to virtual_gps.cpython-312.pyc
[11.514s] byte-compiling /home/olivia-neights/Simulated-Virtual-GPS/install/virtual_gps/lib/python3.12/site-packages/virtual_gps/__init__.py to __init__.cpython-312.pyc
[11.515s] byte-compiling /home/olivia-neights/Simulated-Virtual-GPS/install/virtual_gps/lib/python3.12/site-packages/virtual_gps/sensor.py to sensor.cpython-312.pyc
[11.524s] running install_data
[11.525s] creating /home/olivia-neights/Simulated-Virtual-GPS/install/virtual_gps/share/ament_index
[11.525s] creating /home/olivia-neights/Simulated-Virtual-GPS/install/virtual_gps/share/ament_index/resource_index
[11.535s] creating /home/olivia-neights/Simulated-Virtual-GPS/install/virtual_gps/share/ament_index/resource_index/packages
[11.539s] copying resource/virtual_gps -> /home/olivia-neights/Simulated-Virtual-GPS/install/virtual_gps/share/ament_index/resource_index/packages
[11.539s] copying package.xml -> /home/olivia-neights/Simulated-Virtual-GPS/install/virtual_gps/share/virtual_gps
[11.539s] copying launch/virtual_gps.launch.py -> /home/olivia-neights/Simulated-Virtual-GPS/install/virtual_gps/share/virtual_gps
[11.542s] copying launch/raspimouse_default.launch.py -> /home/olivia-neights/Simulated-Virtual-GPS/install/virtual_gps/share/virtual_gps
[11.548s] copying launch/raspimouse_default_headless.launch.py -> /home/olivia-neights/Simulated-Virtual-GPS/install/virtual_gps/share/virtual_gps
[11.548s] running install_egg_info
[11.763s] Copying ../../../build/virtual_gps/virtual_gps.egg-info to /home/olivia-neights/Simulated-Virtual-GPS/install/virtual_gps/lib/python3.12/site-packages/virtual_gps-0.0.0-py3.12.egg-info
[11.763s] running install_scripts
[12.955s] Installing drone_control script to /home/olivia-neights/Simulated-Virtual-GPS/install/virtual_gps/lib/virtual_gps
[12.955s] Installing mouse_control script to /home/olivia-neights/Simulated-Virtual-GPS/install/virtual_gps/lib/virtual_gps
[12.955s] Installing sensor script to /home/olivia-neights/Simulated-Virtual-GPS/install/virtual_gps/lib/virtual_gps
[12.955s] Installing tf_pose_broadcaster script to /home/olivia-neights/Simulated-Virtual-GPS/install/virtual_gps/lib/virtual_gps
[12.958s] Installing virtual_gps script to /home/olivia-neights/Simulated-Virtual-GPS/install/virtual_gps/lib/virtual_gps
[12.963s] writing list of installed files to '/home/olivia-neights/Simulated-Virtual-GPS/build/virtual_gps/install.log'
[13.223s] Invoked command in '/home/olivia-neights/Simulated-Virtual-GPS/cs1980_ws/src/virtual_gps' returned '0': DEBUGINFOD_URLS=https://debuginfod.ubuntu.com PYTHONPATH=/home/olivia-neights/Simulated-Virtual-GPS/build/virtual_gps/prefix_override:/usr/lib/python3/dist-packages/colcon_core/task/python/colcon_distutils_commands:/home/olivia-neights/Simulated-Virtual-GPS/install/virtual_gps/lib/python3.12/site-packages:${PYTHONPATH} /usr/bin/python3 -W ignore:setup.py install is deprecated -W ignore:easy_install command is deprecated setup.py egg_info --egg-base ../../../build/virtual_gps build --build-base /home/olivia-neights/Simulated-Virtual-GPS/build/virtual_gps/build install --record /home/olivia-neights/Simulated-Virtual-GPS/build/virtual_gps/install.log --single-version-externally-managed install_data
