[0.687s] DEBUG:colcon:Command line arguments: ['/usr/bin/colcon', 'build']
[0.687s] DEBUG:colcon:Parsed command line arguments: Namespace(log_base=None, log_level=None, verb_name='build', build_base='build', install_base='install', merge_install=False, symlink_install=False, test_result_base=None, continue_on_error=False, executor='parallel', parallel_workers=1, event_handlers=None, ignore_user_meta=False, metas=['./colcon.meta'], base_paths=['.'], packages_ignore=None, packages_ignore_regex=None, paths=None, packages_up_to=None, packages_up_to_regex=None, packages_above=None, packages_above_and_dependencies=None, packages_above_depth=None, packages_select_by_dep=None, packages_skip_by_dep=None, packages_skip_up_to=None, packages_select_build_failed=False, packages_skip_build_finished=False, packages_select_test_failures=False, packages_skip_test_passed=False, packages_select=None, packages_skip=None, packages_select_regex=None, packages_skip_regex=None, packages_start=None, packages_end=None, allow_overriding=[], cmake_args=None, cmake_target=None, cmake_target_skip_unavailable=False, cmake_clean_cache=False, cmake_clean_first=False, cmake_force_configure=False, ament_cmake_args=None, catkin_cmake_args=None, catkin_skip_building_tests=False, mixin_files=None, mixin=None, verb_parser=<colcon_mixin.mixin.mixin_argument.MixinArgumentDecorator object at 0x77a2b9ca0830>, verb_extension=<colcon_core.verb.build.BuildVerb object at 0x77a2b9c261b0>, main=<bound method BuildVerb.main of <colcon_core.verb.build.BuildVerb object at 0x77a2b9c261b0>>, mixin_verb=('build',))
[1.053s] Level 1:colcon.colcon_core.package_discovery:discover_packages(colcon_meta) check parameters
[1.053s] Level 1:colcon.colcon_core.package_discovery:discover_packages(recursive) check parameters
[1.053s] Level 1:colcon.colcon_core.package_discovery:discover_packages(ignore) check parameters
[1.053s] Level 1:colcon.colcon_core.package_discovery:discover_packages(path) check parameters
[1.053s] Level 1:colcon.colcon_core.package_discovery:discover_packages(colcon_meta) discover
[1.053s] Level 1:colcon.colcon_core.package_discovery:discover_packages(recursive) discover
[1.053s] INFO:colcon.colcon_core.package_discovery:Crawling recursively for packages in '/home/olivia-neights/Simulated-Virtual-GPS'
[1.054s] Level 1:colcon.colcon_core.package_identification:_identify(.) by extensions ['ignore', 'ignore_ament_install']
[1.054s] Level 1:colcon.colcon_core.package_identification:_identify(.) by extension 'ignore'
[1.054s] Level 1:colcon.colcon_core.package_identification:_identify(.) by extension 'ignore_ament_install'
[1.054s] Level 1:colcon.colcon_core.package_identification:_identify(.) by extensions ['colcon_pkg']
[1.054s] Level 1:colcon.colcon_core.package_identification:_identify(.) by extension 'colcon_pkg'
[1.054s] Level 1:colcon.colcon_core.package_identification:_identify(.) by extensions ['colcon_meta']
[1.054s] Level 1:colcon.colcon_core.package_identification:_identify(.) by extension 'colcon_meta'
[1.054s] Level 1:colcon.colcon_core.package_identification:_identify(.) by extensions ['ros']
[1.054s] Level 1:colcon.colcon_core.package_identification:_identify(.) by extension 'ros'
[1.186s] Level 1:colcon.colcon_core.package_identification:_identify(.) by extensions ['cmake', 'python']
[1.186s] Level 1:colcon.colcon_core.package_identification:_identify(.) by extension 'cmake'
[1.187s] Level 1:colcon.colcon_core.package_identification:_identify(.) by extension 'python'
[1.187s] Level 1:colcon.colcon_core.package_identification:_identify(.) by extensions ['python_setup_py']
[1.187s] Level 1:colcon.colcon_core.package_identification:_identify(.) by extension 'python_setup_py'
[1.187s] Level 1:colcon.colcon_core.package_identification:_identify(build) by extensions ['ignore', 'ignore_ament_install']
[1.187s] Level 1:colcon.colcon_core.package_identification:_identify(build) by extension 'ignore'
[1.187s] Level 1:colcon.colcon_core.package_identification:_identify(build) ignored
[1.187s] Level 1:colcon.colcon_core.package_identification:_identify(cs1980_ws) by extensions ['ignore', 'ignore_ament_install']
[1.187s] Level 1:colcon.colcon_core.package_identification:_identify(cs1980_ws) by extension 'ignore'
[1.187s] Level 1:colcon.colcon_core.package_identification:_identify(cs1980_ws) by extension 'ignore_ament_install'
[1.187s] Level 1:colcon.colcon_core.package_identification:_identify(cs1980_ws) by extensions ['colcon_pkg']
[1.187s] Level 1:colcon.colcon_core.package_identification:_identify(cs1980_ws) by extension 'colcon_pkg'
[1.188s] Level 1:colcon.colcon_core.package_identification:_identify(cs1980_ws) by extensions ['colcon_meta']
[1.188s] Level 1:colcon.colcon_core.package_identification:_identify(cs1980_ws) by extension 'colcon_meta'
[1.188s] Level 1:colcon.colcon_core.package_identification:_identify(cs1980_ws) by extensions ['ros']
[1.188s] Level 1:colcon.colcon_core.package_identification:_identify(cs1980_ws) by extension 'ros'
[1.188s] Level 1:colcon.colcon_core.package_identification:_identify(cs1980_ws) by extensions ['cmake', 'python']
[1.188s] Level 1:colcon.colcon_core.package_identification:_identify(cs1980_ws) by extension 'cmake'
[1.188s] Level 1:colcon.colcon_core.package_identification:_identify(cs1980_ws) by extension 'python'
[1.188s] Level 1:colcon.colcon_core.package_identification:_identify(cs1980_ws) by extensions ['python_setup_py']
[1.188s] Level 1:colcon.colcon_core.package_identification:_identify(cs1980_ws) by extension 'python_setup_py'
[1.188s] Level 1:colcon.colcon_core.package_identification:_identify(cs1980_ws/build) by extensions ['ignore', 'ignore_ament_install']
[1.188s] Level 1:colcon.colcon_core.package_identification:_identify(cs1980_ws/build) by extension 'ignore'
[1.188s] Level 1:colcon.colcon_core.package_identification:_identify(cs1980_ws/build) ignored
[1.188s] Level 1:colcon.colcon_core.package_identification:_identify(cs1980_ws/install) by extensions ['ignore', 'ignore_ament_install']
[1.188s] Level 1:colcon.colcon_core.package_identification:_identify(cs1980_ws/install) by extension 'ignore'
[1.188s] Level 1:colcon.colcon_core.package_identification:_identify(cs1980_ws/install) ignored
[1.189s] Level 1:colcon.colcon_core.package_identification:_identify(cs1980_ws/log) by extensions ['ignore', 'ignore_ament_install']
[1.189s] Level 1:colcon.colcon_core.package_identification:_identify(cs1980_ws/log) by extension 'ignore'
[1.189s] Level 1:colcon.colcon_core.package_identification:_identify(cs1980_ws/log) ignored
[1.189s] Level 1:colcon.colcon_core.package_identification:_identify(cs1980_ws/src) by extensions ['ignore', 'ignore_ament_install']
[1.189s] Level 1:colcon.colcon_core.package_identification:_identify(cs1980_ws/src) by extension 'ignore'
[1.189s] Level 1:colcon.colcon_core.package_identification:_identify(cs1980_ws/src) by extension 'ignore_ament_install'
[1.189s] Level 1:colcon.colcon_core.package_identification:_identify(cs1980_ws/src) by extensions ['colcon_pkg']
[1.189s] Level 1:colcon.colcon_core.package_identification:_identify(cs1980_ws/src) by extension 'colcon_pkg'
[1.189s] Level 1:colcon.colcon_core.package_identification:_identify(cs1980_ws/src) by extensions ['colcon_meta']
[1.189s] Level 1:colcon.colcon_core.package_identification:_identify(cs1980_ws/src) by extension 'colcon_meta'
[1.189s] Level 1:colcon.colcon_core.package_identification:_identify(cs1980_ws/src) by extensions ['ros']
[1.189s] Level 1:colcon.colcon_core.package_identification:_identify(cs1980_ws/src) by extension 'ros'
[1.189s] Level 1:colcon.colcon_core.package_identification:_identify(cs1980_ws/src) by extensions ['cmake', 'python']
[1.189s] Level 1:colcon.colcon_core.package_identification:_identify(cs1980_ws/src) by extension 'cmake'
[1.189s] Level 1:colcon.colcon_core.package_identification:_identify(cs1980_ws/src) by extension 'python'
[1.189s] Level 1:colcon.colcon_core.package_identification:_identify(cs1980_ws/src) by extensions ['python_setup_py']
[1.189s] Level 1:colcon.colcon_core.package_identification:_identify(cs1980_ws/src) by extension 'python_setup_py'
[1.190s] Level 1:colcon.colcon_core.package_identification:_identify(cs1980_ws/src/virtual_gps) by extensions ['ignore', 'ignore_ament_install']
[1.190s] Level 1:colcon.colcon_core.package_identification:_identify(cs1980_ws/src/virtual_gps) by extension 'ignore'
[1.190s] Level 1:colcon.colcon_core.package_identification:_identify(cs1980_ws/src/virtual_gps) by extension 'ignore_ament_install'
[1.190s] Level 1:colcon.colcon_core.package_identification:_identify(cs1980_ws/src/virtual_gps) by extensions ['colcon_pkg']
[1.190s] Level 1:colcon.colcon_core.package_identification:_identify(cs1980_ws/src/virtual_gps) by extension 'colcon_pkg'
[1.190s] Level 1:colcon.colcon_core.package_identification:_identify(cs1980_ws/src/virtual_gps) by extensions ['colcon_meta']
[1.190s] Level 1:colcon.colcon_core.package_identification:_identify(cs1980_ws/src/virtual_gps) by extension 'colcon_meta'
[1.190s] Level 1:colcon.colcon_core.package_identification:_identify(cs1980_ws/src/virtual_gps) by extensions ['ros']
[1.190s] Level 1:colcon.colcon_core.package_identification:_identify(cs1980_ws/src/virtual_gps) by extension 'ros'
[1.215s] DEBUG:colcon.colcon_core.package_identification:Package 'cs1980_ws/src/virtual_gps' with type 'ros.ament_python' and name 'virtual_gps'
[1.215s] Level 1:colcon.colcon_core.package_identification:_identify(install) by extensions ['ignore', 'ignore_ament_install']
[1.215s] Level 1:colcon.colcon_core.package_identification:_identify(install) by extension 'ignore'
[1.215s] Level 1:colcon.colcon_core.package_identification:_identify(install) ignored
[1.215s] Level 1:colcon.colcon_core.package_identification:_identify(log) by extensions ['ignore', 'ignore_ament_install']
[1.215s] Level 1:colcon.colcon_core.package_identification:_identify(log) by extension 'ignore'
[1.215s] Level 1:colcon.colcon_core.package_identification:_identify(log) ignored
[1.215s] Level 1:colcon.colcon_core.package_identification:_identify(scripts) by extensions ['ignore', 'ignore_ament_install']
[1.216s] Level 1:colcon.colcon_core.package_identification:_identify(scripts) by extension 'ignore'
[1.216s] Level 1:colcon.colcon_core.package_identification:_identify(scripts) by extension 'ignore_ament_install'
[1.216s] Level 1:colcon.colcon_core.package_identification:_identify(scripts) by extensions ['colcon_pkg']
[1.216s] Level 1:colcon.colcon_core.package_identification:_identify(scripts) by extension 'colcon_pkg'
[1.216s] Level 1:colcon.colcon_core.package_identification:_identify(scripts) by extensions ['colcon_meta']
[1.216s] Level 1:colcon.colcon_core.package_identification:_identify(scripts) by extension 'colcon_meta'
[1.216s] Level 1:colcon.colcon_core.package_identification:_identify(scripts) by extensions ['ros']
[1.216s] Level 1:colcon.colcon_core.package_identification:_identify(scripts) by extension 'ros'
[1.216s] Level 1:colcon.colcon_core.package_identification:_identify(scripts) by extensions ['cmake', 'python']
[1.216s] Level 1:colcon.colcon_core.package_identification:_identify(scripts) by extension 'cmake'
[1.216s] Level 1:colcon.colcon_core.package_identification:_identify(scripts) by extension 'python'
[1.216s] Level 1:colcon.colcon_core.package_identification:_identify(scripts) by extensions ['python_setup_py']
[1.216s] Level 1:colcon.colcon_core.package_identification:_identify(scripts) by extension 'python_setup_py'
[1.216s] Level 1:colcon.colcon_core.package_discovery:discover_packages(recursive) using defaults
[1.216s] Level 1:colcon.colcon_core.package_discovery:discover_packages(ignore) discover
[1.216s] Level 1:colcon.colcon_core.package_discovery:discover_packages(ignore) using defaults
[1.216s] Level 1:colcon.colcon_core.package_discovery:discover_packages(path) discover
[1.216s] Level 1:colcon.colcon_core.package_discovery:discover_packages(path) using defaults
[1.354s] Level 1:colcon.colcon_core.package_discovery:discover_packages(prefix_path) check parameters
[1.354s] Level 1:colcon.colcon_core.package_discovery:discover_packages(prefix_path) discover
[1.369s] DEBUG:colcon.colcon_installed_package_information.package_discovery:Found 415 installed packages in /opt/ros/jazzy
[1.370s] Level 1:colcon.colcon_core.package_discovery:discover_packages(prefix_path) using defaults
[1.647s] Level 5:colcon.colcon_core.verb:set package 'virtual_gps' build argument 'cmake_args' from command line to 'None'
[1.647s] Level 5:colcon.colcon_core.verb:set package 'virtual_gps' build argument 'cmake_target' from command line to 'None'
[1.647s] Level 5:colcon.colcon_core.verb:set package 'virtual_gps' build argument 'cmake_target_skip_unavailable' from command line to 'False'
[1.647s] Level 5:colcon.colcon_core.verb:set package 'virtual_gps' build argument 'cmake_clean_cache' from command line to 'False'
[1.647s] Level 5:colcon.colcon_core.verb:set package 'virtual_gps' build argument 'cmake_clean_first' from command line to 'False'
[1.647s] Level 5:colcon.colcon_core.verb:set package 'virtual_gps' build argument 'cmake_force_configure' from command line to 'False'
[1.647s] Level 5:colcon.colcon_core.verb:set package 'virtual_gps' build argument 'ament_cmake_args' from command line to 'None'
[1.647s] Level 5:colcon.colcon_core.verb:set package 'virtual_gps' build argument 'catkin_cmake_args' from command line to 'None'
[1.647s] Level 5:colcon.colcon_core.verb:set package 'virtual_gps' build argument 'catkin_skip_building_tests' from command line to 'False'
[1.647s] DEBUG:colcon.colcon_core.verb:Building package 'virtual_gps' with the following arguments: {'ament_cmake_args': None, 'build_base': '/home/olivia-neights/Simulated-Virtual-GPS/build/virtual_gps', 'catkin_cmake_args': None, 'catkin_skip_building_tests': False, 'cmake_args': None, 'cmake_clean_cache': False, 'cmake_clean_first': False, 'cmake_force_configure': False, 'cmake_target': None, 'cmake_target_skip_unavailable': False, 'install_base': '/home/olivia-neights/Simulated-Virtual-GPS/install/virtual_gps', 'merge_install': False, 'path': '/home/olivia-neights/Simulated-Virtual-GPS/cs1980_ws/src/virtual_gps', 'symlink_install': False, 'test_result_base': None}
[1.647s] INFO:colcon.colcon_core.executor:Executing jobs using 'parallel' executor
[1.685s] DEBUG:colcon.colcon_parallel_executor.executor.parallel:run_until_complete
[1.686s] INFO:colcon.colcon_ros.task.ament_python.build:Building ROS package in '/home/olivia-neights/Simulated-Virtual-GPS/cs1980_ws/src/virtual_gps' with build type 'ament_python'
[1.687s] Level 1:colcon.colcon_core.shell:create_environment_hook('virtual_gps', 'ament_prefix_path')
[1.715s] INFO:colcon.colcon_core.plugin_system:Skipping extension 'colcon_core.shell.bat': Not used on non-Windows systems
[1.716s] INFO:colcon.colcon_core.shell:Creating environment hook '/home/olivia-neights/Simulated-Virtual-GPS/install/virtual_gps/share/virtual_gps/hook/ament_prefix_path.ps1'
[1.717s] INFO:colcon.colcon_core.shell:Creating environment descriptor '/home/olivia-neights/Simulated-Virtual-GPS/install/virtual_gps/share/virtual_gps/hook/ament_prefix_path.dsv'
[1.717s] INFO:colcon.colcon_core.shell:Creating environment hook '/home/olivia-neights/Simulated-Virtual-GPS/install/virtual_gps/share/virtual_gps/hook/ament_prefix_path.sh'
[1.718s] INFO:colcon.colcon_core.shell:Skip shell extension 'powershell' for command environment: Not usable outside of PowerShell
[1.718s] DEBUG:colcon.colcon_core.shell:Skip shell extension 'dsv' for command environment
[3.788s] INFO:colcon.colcon_core.task.python.build:Building Python package in '/home/olivia-neights/Simulated-Virtual-GPS/cs1980_ws/src/virtual_gps'
[3.788s] INFO:colcon.colcon_core.shell:Skip shell extension 'powershell' for command environment: Not usable outside of PowerShell
[3.788s] DEBUG:colcon.colcon_core.shell:Skip shell extension 'dsv' for command environment
[9.817s] DEBUG:colcon.colcon_core.event_handler.log_command:Invoking command in '/home/olivia-neights/Simulated-Virtual-GPS/cs1980_ws/src/virtual_gps': DEBUGINFOD_URLS=https://debuginfod.ubuntu.com PYTHONPATH=/home/olivia-neights/Simulated-Virtual-GPS/build/virtual_gps/prefix_override:/usr/lib/python3/dist-packages/colcon_core/task/python/colcon_distutils_commands:/home/olivia-neights/Simulated-Virtual-GPS/install/virtual_gps/lib/python3.12/site-packages:${PYTHONPATH} /usr/bin/python3 -W ignore:setup.py install is deprecated -W ignore:easy_install command is deprecated setup.py egg_info --egg-base ../../../build/virtual_gps build --build-base /home/olivia-neights/Simulated-Virtual-GPS/build/virtual_gps/build install --record /home/olivia-neights/Simulated-Virtual-GPS/build/virtual_gps/install.log --single-version-externally-managed install_data
[14.937s] DEBUG:colcon.colcon_core.event_handler.log_command:Invoked command in '/home/olivia-neights/Simulated-Virtual-GPS/cs1980_ws/src/virtual_gps' returned '0': DEBUGINFOD_URLS=https://debuginfod.ubuntu.com PYTHONPATH=/home/olivia-neights/Simulated-Virtual-GPS/build/virtual_gps/prefix_override:/usr/lib/python3/dist-packages/colcon_core/task/python/colcon_distutils_commands:/home/olivia-neights/Simulated-Virtual-GPS/install/virtual_gps/lib/python3.12/site-packages:${PYTHONPATH} /usr/bin/python3 -W ignore:setup.py install is deprecated -W ignore:easy_install command is deprecated setup.py egg_info --egg-base ../../../build/virtual_gps build --build-base /home/olivia-neights/Simulated-Virtual-GPS/build/virtual_gps/build install --record /home/olivia-neights/Simulated-Virtual-GPS/build/virtual_gps/install.log --single-version-externally-managed install_data
[14.938s] Level 1:colcon.colcon_core.environment:checking '/home/olivia-neights/Simulated-Virtual-GPS/install/virtual_gps' for CMake module files
[14.939s] Level 1:colcon.colcon_core.environment:checking '/home/olivia-neights/Simulated-Virtual-GPS/install/virtual_gps' for CMake config files
[14.940s] Level 1:colcon.colcon_core.environment:checking '/home/olivia-neights/Simulated-Virtual-GPS/install/virtual_gps/lib'
[14.940s] Level 1:colcon.colcon_core.environment:checking '/home/olivia-neights/Simulated-Virtual-GPS/install/virtual_gps/bin'
[14.940s] Level 1:colcon.colcon_core.environment:checking '/home/olivia-neights/Simulated-Virtual-GPS/install/virtual_gps/lib/pkgconfig/virtual_gps.pc'
[14.940s] Level 1:colcon.colcon_core.environment:checking '/home/olivia-neights/Simulated-Virtual-GPS/install/virtual_gps/lib/python3.12/site-packages'
[14.940s] Level 1:colcon.colcon_core.shell:create_environment_hook('virtual_gps', 'pythonpath')
[14.941s] INFO:colcon.colcon_core.shell:Creating environment hook '/home/olivia-neights/Simulated-Virtual-GPS/install/virtual_gps/share/virtual_gps/hook/pythonpath.ps1'
[14.941s] INFO:colcon.colcon_core.shell:Creating environment descriptor '/home/olivia-neights/Simulated-Virtual-GPS/install/virtual_gps/share/virtual_gps/hook/pythonpath.dsv'
[14.942s] INFO:colcon.colcon_core.shell:Creating environment hook '/home/olivia-neights/Simulated-Virtual-GPS/install/virtual_gps/share/virtual_gps/hook/pythonpath.sh'
[14.942s] Level 1:colcon.colcon_core.environment:checking '/home/olivia-neights/Simulated-Virtual-GPS/install/virtual_gps/bin'
[14.942s] Level 1:colcon.colcon_core.environment:create_environment_scripts_only(virtual_gps)
[14.943s] INFO:colcon.colcon_core.shell:Creating package script '/home/olivia-neights/Simulated-Virtual-GPS/install/virtual_gps/share/virtual_gps/package.ps1'
[14.943s] INFO:colcon.colcon_core.shell:Creating package descriptor '/home/olivia-neights/Simulated-Virtual-GPS/install/virtual_gps/share/virtual_gps/package.dsv'
[15.004s] INFO:colcon.colcon_core.shell:Creating package script '/home/olivia-neights/Simulated-Virtual-GPS/install/virtual_gps/share/virtual_gps/package.sh'
[15.004s] INFO:colcon.colcon_core.shell:Creating package script '/home/olivia-neights/Simulated-Virtual-GPS/install/virtual_gps/share/virtual_gps/package.bash'
[15.005s] INFO:colcon.colcon_core.shell:Creating package script '/home/olivia-neights/Simulated-Virtual-GPS/install/virtual_gps/share/virtual_gps/package.zsh'
[15.006s] Level 1:colcon.colcon_core.environment:create_file_with_runtime_dependencies(/home/olivia-neights/Simulated-Virtual-GPS/install/virtual_gps/share/colcon-core/packages/virtual_gps)
[15.036s] DEBUG:colcon.colcon_parallel_executor.executor.parallel:closing loop
[15.037s] DEBUG:colcon.colcon_parallel_executor.executor.parallel:loop closed
[15.037s] DEBUG:colcon.colcon_parallel_executor.executor.parallel:run_until_complete finished with '0'
[15.037s] DEBUG:colcon.colcon_core.event_reactor:joining thread
[15.088s] INFO:colcon.colcon_core.plugin_system:Skipping extension 'colcon_notification.desktop_notification.terminal_notifier': Not used on non-Darwin systems
[15.088s] INFO:colcon.colcon_core.plugin_system:Skipping extension 'colcon_notification.desktop_notification.win32': Not used on non-Windows systems
[15.088s] INFO:colcon.colcon_notification.desktop_notification:Sending desktop notification using 'notify2'
[15.138s] DEBUG:colcon.colcon_core.event_reactor:joined thread
[15.139s] INFO:colcon.colcon_core.shell:Creating prefix script '/home/olivia-neights/Simulated-Virtual-GPS/install/local_setup.ps1'
[15.140s] INFO:colcon.colcon_core.shell:Creating prefix util module '/home/olivia-neights/Simulated-Virtual-GPS/install/_local_setup_util_ps1.py'
[15.141s] INFO:colcon.colcon_core.shell:Creating prefix chain script '/home/olivia-neights/Simulated-Virtual-GPS/install/setup.ps1'
[15.142s] INFO:colcon.colcon_core.shell:Creating prefix script '/home/olivia-neights/Simulated-Virtual-GPS/install/local_setup.sh'
[15.142s] INFO:colcon.colcon_core.shell:Creating prefix util module '/home/olivia-neights/Simulated-Virtual-GPS/install/_local_setup_util_sh.py'
[15.197s] INFO:colcon.colcon_core.shell:Creating prefix chain script '/home/olivia-neights/Simulated-Virtual-GPS/install/setup.sh'
[15.199s] INFO:colcon.colcon_core.shell:Creating prefix script '/home/olivia-neights/Simulated-Virtual-GPS/install/local_setup.bash'
[15.201s] INFO:colcon.colcon_core.shell:Creating prefix chain script '/home/olivia-neights/Simulated-Virtual-GPS/install/setup.bash'
[15.216s] INFO:colcon.colcon_core.shell:Creating prefix script '/home/olivia-neights/Simulated-Virtual-GPS/install/local_setup.zsh'
[15.217s] INFO:colcon.colcon_core.shell:Creating prefix chain script '/home/olivia-neights/Simulated-Virtual-GPS/install/setup.zsh'
